project/chaojimali/app/build/outputs/logs/manifest-merger-debug-report.txt
-- Merging decision tree log ---
manifest
ADDED from src\main\AndroidManifest.xml:2:1-56:12
INJECTED from src\main\AndroidManifest.xml:2:1-56:12
INJECTED from src\main\AndroidManifest.xml:2:1-56:12
INJECTED from src\main\AndroidManifest.xml:2:1-56:12
INJECTED from src\main\AndroidManifest.xml:2:1-56:12
INJECTED from src\main\AndroidManifest.xml:2:1-56:12
INJECTED from src\main\AndroidManifest.xml:2:1-56:12
	package
		ADDED from src\main\AndroidManifest.xml:3:5-29
		INJECTED from src\main\AndroidManifest.xml
		INJECTED from src\main\AndroidManifest.xml
	android:versionName
		ADDED from src\main\AndroidManifest.xml:5:5-30
		INJECTED from src\main\AndroidManifest.xml
		INJECTED from src\main\AndroidManifest.xml
	xmlns:android
		ADDED from src\main\AndroidManifest.xml:2:11-69
	android:versionCode
		ADDED from src\main\AndroidManifest.xml:4:5-28
		INJECTED from src\main\AndroidManifest.xml
		INJECTED from src\main\AndroidManifest.xml
uses-sdk
ADDED from src\main\AndroidManifest.xml:7:5-9:41
INJECTED from src\main\AndroidManifest.xml:7:5-9:41
INJECTED from src\main\AndroidManifest.xml:7:5-9:41
INJECTED from src\main\AndroidManifest.xml:7:5-9:41
INJECTED from src\main\AndroidManifest.xml:7:5-9:41
	android:targetSdkVersion
		ADDED from src\main\AndroidManifest.xml:9:9-38
		INJECTED from src\main\AndroidManifest.xml
		INJECTED from src\main\AndroidManifest.xml
	android:minSdkVersion
		ADDED from src\main\AndroidManifest.xml:8:9-34
		INJECTED from src\main\AndroidManifest.xml
		INJECTED from src\main\AndroidManifest.xml
application
ADDED from src\main\AndroidManifest.xml:11:5-54:19
	android:label
		ADDED from src\main\AndroidManifest.xml:14:9-41
	android:icon
		ADDED from src\main\AndroidManifest.xml:13:9-45
	android:allowBackup
		ADDED from src\main\AndroidManifest.xml:12:9-35
	android:theme
		ADDED from src\main\AndroidManifest.xml:15:9-40
activity#com.mario.load.LoadActivity
ADDED from src\main\AndroidManifest.xml:18:9-28:20
	android:screenOrientation
		ADDED from src\main\AndroidManifest.xml:21:13-50
	android:label
		ADDED from src\main\AndroidManifest.xml:20:13-45
	android:configChanges
		ADDED from src\main\AndroidManifest.xml:22:13-63
	android:name
		ADDED from src\main\AndroidManifest.xml:19:13-55
intent-filter#android.intent.action.MAIN+android.intent.category.LAUNCHER
ADDED from src\main\AndroidManifest.xml:24:13-27:29
action#android.intent.action.MAIN
ADDED from src\main\AndroidManifest.xml:25:17-69
	android:name
		ADDED from src\main\AndroidManifest.xml:25:25-66
category#android.intent.category.LAUNCHER
ADDED from src\main\AndroidManifest.xml:26:17-77
	android:name
		ADDED from src\main\AndroidManifest.xml:26:27-74
activity#com.mario.menu.MenuActivity
ADDED from src\main\AndroidManifest.xml:30:10-34:66
	android:screenOrientation
		ADDED from src\main\AndroidManifest.xml:33:14-51
	android:label
		ADDED from src\main\AndroidManifest.xml:32:14-34
	android:configChanges
		ADDED from src\main\AndroidManifest.xml:34:14-64
	android:name
		ADDED from src\main\AndroidManifest.xml:31:14-56
activity#com.mario.options.OptionsActivity
ADDED from src\main\AndroidManifest.xml:36:11-40:66
	android:screenOrientation
		ADDED from src\main\AndroidManifest.xml:39:14-51
	android:label
		ADDED from src\main\AndroidManifest.xml:38:14-37
	android:configChanges
		ADDED from src\main\AndroidManifest.xml:40:14-64
	android:name
		ADDED from src\main\AndroidManifest.xml:37:14-62
activity#com.mario.mario.MarioActivity
ADDED from src\main\AndroidManifest.xml:42:11-46:68
	android:screenOrientation
		ADDED from src\main\AndroidManifest.xml:45:11-48
	android:label
		ADDED from src\main\AndroidManifest.xml:44:14-35
	android:configChanges
		ADDED from src\main\AndroidManifest.xml:46:14-64
	android:name
		ADDED from src\main\AndroidManifest.xml:43:14-58
activity#com.mario.playermsg.HeightScoreActivity
ADDED from src\main\AndroidManifest.xml:48:12-52:66
	android:screenOrientation
		ADDED from src\main\AndroidManifest.xml:51:14-51
	android:label
		ADDED from src\main\AndroidManifest.xml:50:14-35
	android:configChanges
		ADDED from src\main\AndroidManifest.xml:52:14-64
	android:name
		ADDED from src\main\AndroidManifest.xml:49:14-68